[2017-07-09 22:24:46] MicroCMS.INFO: Matched route "{route}". {"route":"home","route_parameters":{"_controller":"MicroCMS\\Controller\\HomeController::indexAction","_route":"home"},"request_uri":"http://localhost/alaska/web/","method":"GET"} []
[2017-07-09 22:32:29] MicroCMS.INFO: Matched route "{route}". {"route":"home","route_parameters":{"_controller":"MicroCMS\\Controller\\HomeController::indexAction","_route":"home"},"request_uri":"http://localhost/alaska/web/","method":"GET"} []
[2017-07-10 09:21:43] MicroCMS.INFO: Matched route "{route}". {"route":"home","route_parameters":{"_controller":"MicroCMS\\Controller\\HomeController::indexAction","_route":"home"},"request_uri":"http://localhost/alaska/web/","method":"GET"} []
[2017-07-10 09:21:43] MicroCMS.INFO: Populated the TokenStorage with an anonymous Token. [] []
[2017-07-10 09:21:47] MicroCMS.INFO: Matched route "{route}". {"route":"article","route_parameters":{"_controller":"MicroCMS\\Controller\\HomeController::ArticleAction","id":"47","_route":"article"},"request_uri":"http://localhost/alaska/web/article/47","method":"GET"} []
[2017-07-10 09:21:47] MicroCMS.INFO: Populated the TokenStorage with an anonymous Token. [] []
[2017-07-10 09:21:51] MicroCMS.INFO: Matched route "{route}". {"route":"article","route_parameters":{"_controller":"MicroCMS\\Controller\\HomeController::ArticleAction","id":"47","_route":"article"},"request_uri":"http://localhost/alaska/web/article/47","method":"POST"} []
[2017-07-10 09:21:51] MicroCMS.INFO: Populated the TokenStorage with an anonymous Token. [] []
[2017-07-10 09:22:00] MicroCMS.INFO: Matched route "{route}". {"route":"login","route_parameters":{"_controller":"MicroCMS\\Controller\\HomeController::loginAction","_route":"login"},"request_uri":"http://localhost/alaska/web/login","method":"GET"} []
[2017-07-10 09:22:00] MicroCMS.INFO: Populated the TokenStorage with an anonymous Token. [] []
[2017-07-10 09:22:04] MicroCMS.INFO: Matched route "{route}". {"route":"login_check","route_parameters":{"_controller":null,"_route":"login_check"},"request_uri":"http://localhost/alaska/web/login_check","method":"POST"} []
[2017-07-10 09:22:05] MicroCMS.INFO: User has been authenticated successfully. {"username":"admin"} []
[2017-07-10 09:22:05] MicroCMS.INFO: Matched route "{route}". {"route":"home","route_parameters":{"_controller":"MicroCMS\\Controller\\HomeController::indexAction","_route":"home"},"request_uri":"http://localhost/alaska/web/","method":"GET"} []
[2017-07-10 09:22:08] MicroCMS.INFO: Matched route "{route}". {"route":"admin","route_parameters":{"_controller":"MicroCMS\\Controller\\AdminController::indexAction","_route":"admin"},"request_uri":"http://localhost/alaska/web/admin","method":"GET"} []
[2017-07-10 09:22:11] MicroCMS.INFO: Matched route "{route}". {"route":"admin_comment_delete","route_parameters":{"_controller":"MicroCMS\\Controller\\AdminController::deleteCommentAction","id":"525","_route":"admin_comment_delete"},"request_uri":"http://localhost/alaska/web/admin/comment/525/delete","method":"GET"} []
[2017-07-10 09:22:11] MicroCMS.INFO: Matched route "{route}". {"route":"admin","route_parameters":{"_controller":"MicroCMS\\Controller\\AdminController::indexAction","_route":"admin"},"request_uri":"http://localhost/alaska/web/admin","method":"GET"} []
[2017-07-10 09:22:13] MicroCMS.INFO: Matched route "{route}". {"route":"logout","route_parameters":{"_controller":null,"_route":"logout"},"request_uri":"http://localhost/alaska/web/logout","method":"GET"} []
[2017-07-10 09:22:13] MicroCMS.INFO: Matched route "{route}". {"route":"home","route_parameters":{"_controller":"MicroCMS\\Controller\\HomeController::indexAction","_route":"home"},"request_uri":"http://localhost/alaska/web/","method":"GET"} []
[2017-07-10 09:22:13] MicroCMS.INFO: Populated the TokenStorage with an anonymous Token. [] []
[2017-07-12 19:57:58] MicroCMS.INFO: Matched route "{route}". {"route":"home","route_parameters":{"_controller":"MicroCMS\\Controller\\HomeController::indexAction","_route":"home"},"request_uri":"http://localhost/alaska/web/","method":"GET"} []
[2017-07-12 19:57:58] MicroCMS.INFO: Populated the TokenStorage with an anonymous Token. [] []
[2017-07-12 19:58:06] MicroCMS.INFO: Matched route "{route}". {"route":"article","route_parameters":{"_controller":"MicroCMS\\Controller\\HomeController::ArticleAction","id":"47","_route":"article"},"request_uri":"http://localhost/alaska/web/article/47","method":"GET"} []
[2017-07-12 19:58:06] MicroCMS.INFO: Populated the TokenStorage with an anonymous Token. [] []
[2017-07-12 19:58:13] MicroCMS.INFO: Matched route "{route}". {"route":"article","route_parameters":{"_controller":"MicroCMS\\Controller\\HomeController::ArticleAction","id":"47","_route":"article"},"request_uri":"http://localhost/alaska/web/article/47","method":"POST"} []
[2017-07-12 19:58:13] MicroCMS.INFO: Populated the TokenStorage with an anonymous Token. [] []
[2017-07-12 19:58:17] MicroCMS.INFO: Matched route "{route}". {"route":"comment_signal","route_parameters":{"_controller":"MicroCMS\\Controller\\HomeController::signalAction","id":"1","_route":"comment_signal"},"request_uri":"http://localhost/alaska/web/comment/1/signal","method":"GET"} []
[2017-07-12 19:58:17] MicroCMS.INFO: Populated the TokenStorage with an anonymous Token. [] []
[2017-07-12 19:58:17] MicroCMS.INFO: Matched route "{route}". {"route":"article","route_parameters":{"_controller":"MicroCMS\\Controller\\HomeController::ArticleAction","id":"47","_route":"article"},"request_uri":"http://localhost/alaska/web/article/47","method":"GET"} []
[2017-07-12 19:58:17] MicroCMS.INFO: Populated the TokenStorage with an anonymous Token. [] []
[2017-07-12 19:58:22] MicroCMS.INFO: Matched route "{route}". {"route":"article","route_parameters":{"_controller":"MicroCMS\\Controller\\HomeController::ArticleAction","id":"47","_route":"article"},"request_uri":"http://localhost/alaska/web/article/47","method":"POST"} []
[2017-07-12 19:58:22] MicroCMS.INFO: Populated the TokenStorage with an anonymous Token. [] []
[2017-07-12 19:58:29] MicroCMS.INFO: Matched route "{route}". {"route":"comment_comment","route_parameters":{"_controller":"MicroCMS\\Controller\\HomeController::ImbriqueAction","id":"47","_route":"comment_comment"},"request_uri":"http://localhost/alaska/web/article/comment/47/comment","method":"POST"} []
[2017-07-12 19:58:29] MicroCMS.INFO: Populated the TokenStorage with an anonymous Token. [] []
[2017-07-12 19:58:29] MicroCMS.INFO: Matched route "{route}". {"route":"article","route_parameters":{"_controller":"MicroCMS\\Controller\\HomeController::ArticleAction","id":"47","_route":"article"},"request_uri":"http://localhost/alaska/web/article/47","method":"GET"} []
[2017-07-12 19:58:29] MicroCMS.INFO: Populated the TokenStorage with an anonymous Token. [] []
[2017-07-12 19:58:33] MicroCMS.INFO: Matched route "{route}". {"route":"comment_comment","route_parameters":{"_controller":"MicroCMS\\Controller\\HomeController::ImbriqueAction","id":"47","_route":"comment_comment"},"request_uri":"http://localhost/alaska/web/article/comment/47/comment","method":"POST"} []
[2017-07-12 19:58:33] MicroCMS.INFO: Populated the TokenStorage with an anonymous Token. [] []
[2017-07-12 19:58:34] MicroCMS.INFO: Matched route "{route}". {"route":"article","route_parameters":{"_controller":"MicroCMS\\Controller\\HomeController::ArticleAction","id":"47","_route":"article"},"request_uri":"http://localhost/alaska/web/article/47","method":"GET"} []
[2017-07-12 19:58:34] MicroCMS.INFO: Populated the TokenStorage with an anonymous Token. [] []
[2017-07-12 19:58:37] MicroCMS.INFO: Matched route "{route}". {"route":"comment_signal","route_parameters":{"_controller":"MicroCMS\\Controller\\HomeController::signalAction","id":"2","_route":"comment_signal"},"request_uri":"http://localhost/alaska/web/comment/2/signal","method":"GET"} []
[2017-07-12 19:58:37] MicroCMS.INFO: Populated the TokenStorage with an anonymous Token. [] []
[2017-07-12 19:58:37] MicroCMS.INFO: Matched route "{route}". {"route":"article","route_parameters":{"_controller":"MicroCMS\\Controller\\HomeController::ArticleAction","id":"47","_route":"article"},"request_uri":"http://localhost/alaska/web/article/47","method":"GET"} []
[2017-07-12 19:58:37] MicroCMS.INFO: Populated the TokenStorage with an anonymous Token. [] []
[2017-07-12 19:58:39] MicroCMS.INFO: Matched route "{route}". {"route":"login","route_parameters":{"_controller":"MicroCMS\\Controller\\HomeController::loginAction","_route":"login"},"request_uri":"http://localhost/alaska/web/login","method":"GET"} []
[2017-07-12 19:58:39] MicroCMS.INFO: Populated the TokenStorage with an anonymous Token. [] []
[2017-07-12 19:58:44] MicroCMS.INFO: Matched route "{route}". {"route":"login_check","route_parameters":{"_controller":null,"_route":"login_check"},"request_uri":"http://localhost/alaska/web/login_check","method":"POST"} []
[2017-07-12 19:58:45] MicroCMS.INFO: User has been authenticated successfully. {"username":"admin"} []
[2017-07-12 19:58:45] MicroCMS.INFO: Matched route "{route}". {"route":"home","route_parameters":{"_controller":"MicroCMS\\Controller\\HomeController::indexAction","_route":"home"},"request_uri":"http://localhost/alaska/web/","method":"GET"} []
[2017-07-12 19:58:48] MicroCMS.INFO: Matched route "{route}". {"route":"admin","route_parameters":{"_controller":"MicroCMS\\Controller\\AdminController::indexAction","_route":"admin"},"request_uri":"http://localhost/alaska/web/admin","method":"GET"} []
[2017-07-12 19:58:55] MicroCMS.INFO: Matched route "{route}". {"route":"admin_comment_delete","route_parameters":{"_controller":"MicroCMS\\Controller\\AdminController::deleteCommentAction","id":"2","_route":"admin_comment_delete"},"request_uri":"http://localhost/alaska/web/admin/comment/2/delete","method":"GET"} []
[2017-07-12 19:58:55] MicroCMS.INFO: Matched route "{route}". {"route":"admin","route_parameters":{"_controller":"MicroCMS\\Controller\\AdminController::indexAction","_route":"admin"},"request_uri":"http://localhost/alaska/web/admin","method":"GET"} []
[2017-07-12 19:58:59] MicroCMS.INFO: Matched route "{route}". {"route":"admin_comment_modif","route_parameters":{"_controller":"MicroCMS\\Controller\\AdminController::modifCommentAction","id":"1","_route":"admin_comment_modif"},"request_uri":"http://localhost/alaska/web/admin/comment/1/modif","method":"GET"} []
[2017-07-12 19:58:59] MicroCMS.INFO: Matched route "{route}". {"route":"admin","route_parameters":{"_controller":"MicroCMS\\Controller\\AdminController::indexAction","_route":"admin"},"request_uri":"http://localhost/alaska/web/admin","method":"GET"} []
[2017-07-12 19:59:00] MicroCMS.INFO: Matched route "{route}". {"route":"home","route_parameters":{"_controller":"MicroCMS\\Controller\\HomeController::indexAction","_route":"home"},"request_uri":"http://localhost/alaska/web/","method":"GET"} []
[2017-07-12 19:59:02] MicroCMS.INFO: Matched route "{route}". {"route":"article","route_parameters":{"_controller":"MicroCMS\\Controller\\HomeController::ArticleAction","id":"47","_route":"article"},"request_uri":"http://localhost/alaska/web/article/47","method":"GET"} []
[2017-07-12 19:59:05] MicroCMS.INFO: Matched route "{route}". {"route":"admin","route_parameters":{"_controller":"MicroCMS\\Controller\\AdminController::indexAction","_route":"admin"},"request_uri":"http://localhost/alaska/web/admin","method":"GET"} []
[2017-07-12 19:59:09] MicroCMS.INFO: Matched route "{route}". {"route":"admin_article_add","route_parameters":{"_controller":"MicroCMS\\Controller\\AdminController::addArticleAction","_route":"admin_article_add"},"request_uri":"http://localhost/alaska/web/admin/article/add","method":"GET"} []
[2017-07-12 19:59:13] MicroCMS.INFO: Matched route "{route}". {"route":"admin_article_add","route_parameters":{"_controller":"MicroCMS\\Controller\\AdminController::addArticleAction","_route":"admin_article_add"},"request_uri":"http://localhost/alaska/web/admin/article/add","method":"POST"} []
[2017-07-12 19:59:13] MicroCMS.INFO: Matched route "{route}". {"route":"admin","route_parameters":{"_controller":"MicroCMS\\Controller\\AdminController::indexAction","_route":"admin"},"request_uri":"http://localhost/alaska/web/admin","method":"GET"} []
[2017-07-12 19:59:15] MicroCMS.INFO: Matched route "{route}". {"route":"home","route_parameters":{"_controller":"MicroCMS\\Controller\\HomeController::indexAction","_route":"home"},"request_uri":"http://localhost/alaska/web/","method":"GET"} []
[2017-07-12 19:59:17] MicroCMS.INFO: Matched route "{route}". {"route":"article","route_parameters":{"_controller":"MicroCMS\\Controller\\HomeController::ArticleAction","id":"48","_route":"article"},"request_uri":"http://localhost/alaska/web/article/48","method":"GET"} []
[2017-07-12 19:59:21] MicroCMS.INFO: Matched route "{route}". {"route":"article","route_parameters":{"_controller":"MicroCMS\\Controller\\HomeController::ArticleAction","id":"48","_route":"article"},"request_uri":"http://localhost/alaska/web/article/48","method":"POST"} []
[2017-07-12 19:59:26] MicroCMS.INFO: Matched route "{route}". {"route":"comment_comment","route_parameters":{"_controller":"MicroCMS\\Controller\\HomeController::ImbriqueAction","id":"48","_route":"comment_comment"},"request_uri":"http://localhost/alaska/web/article/comment/48/comment","method":"POST"} []
[2017-07-12 19:59:26] MicroCMS.INFO: Matched route "{route}". {"route":"article","route_parameters":{"_controller":"MicroCMS\\Controller\\HomeController::ArticleAction","id":"48","_route":"article"},"request_uri":"http://localhost/alaska/web/article/48","method":"GET"} []
[2017-07-12 19:59:32] MicroCMS.INFO: Matched route "{route}". {"route":"comment_comment","route_parameters":{"_controller":"MicroCMS\\Controller\\HomeController::ImbriqueAction","id":"48","_route":"comment_comment"},"request_uri":"http://localhost/alaska/web/article/comment/48/comment","method":"POST"} []
[2017-07-12 19:59:32] MicroCMS.INFO: Matched route "{route}". {"route":"article","route_parameters":{"_controller":"MicroCMS\\Controller\\HomeController::ArticleAction","id":"48","_route":"article"},"request_uri":"http://localhost/alaska/web/article/48","method":"GET"} []
[2017-07-12 19:59:35] MicroCMS.INFO: Matched route "{route}". {"route":"comment_signal","route_parameters":{"_controller":"MicroCMS\\Controller\\HomeController::signalAction","id":"6","_route":"comment_signal"},"request_uri":"http://localhost/alaska/web/comment/6/signal","method":"GET"} []
[2017-07-12 19:59:36] MicroCMS.INFO: Matched route "{route}". {"route":"article","route_parameters":{"_controller":"MicroCMS\\Controller\\HomeController::ArticleAction","id":"48","_route":"article"},"request_uri":"http://localhost/alaska/web/article/48","method":"GET"} []
[2017-07-12 19:59:39] MicroCMS.INFO: Matched route "{route}". {"route":"comment_signal","route_parameters":{"_controller":"MicroCMS\\Controller\\HomeController::signalAction","id":"7","_route":"comment_signal"},"request_uri":"http://localhost/alaska/web/comment/7/signal","method":"GET"} []
[2017-07-12 19:59:39] MicroCMS.INFO: Matched route "{route}". {"route":"article","route_parameters":{"_controller":"MicroCMS\\Controller\\HomeController::ArticleAction","id":"48","_route":"article"},"request_uri":"http://localhost/alaska/web/article/48","method":"GET"} []
[2017-07-12 19:59:42] MicroCMS.INFO: Matched route "{route}". {"route":"comment_signal","route_parameters":{"_controller":"MicroCMS\\Controller\\HomeController::signalAction","id":"5","_route":"comment_signal"},"request_uri":"http://localhost/alaska/web/comment/5/signal","method":"GET"} []
[2017-07-12 19:59:42] MicroCMS.INFO: Matched route "{route}". {"route":"article","route_parameters":{"_controller":"MicroCMS\\Controller\\HomeController::ArticleAction","id":"48","_route":"article"},"request_uri":"http://localhost/alaska/web/article/48","method":"GET"} []
[2017-07-12 19:59:43] MicroCMS.INFO: Matched route "{route}". {"route":"admin","route_parameters":{"_controller":"MicroCMS\\Controller\\AdminController::indexAction","_route":"admin"},"request_uri":"http://localhost/alaska/web/admin","method":"GET"} []
[2017-07-12 19:59:52] MicroCMS.INFO: Matched route "{route}". {"route":"admin_article_delete","route_parameters":{"_controller":"MicroCMS\\Controller\\AdminController::deleteArticleAction","id":"48","_route":"admin_article_delete"},"request_uri":"http://localhost/alaska/web/admin/article/48/delete","method":"GET"} []
[2017-07-12 19:59:52] MicroCMS.INFO: Matched route "{route}". {"route":"admin","route_parameters":{"_controller":"MicroCMS\\Controller\\AdminController::indexAction","_route":"admin"},"request_uri":"http://localhost/alaska/web/admin","method":"GET"} []
[2017-07-12 20:01:08] MicroCMS.INFO: Matched route "{route}". {"route":"admin_user_add","route_parameters":{"_controller":"MicroCMS\\Controller\\AdminController::addUserAction","_route":"admin_user_add"},"request_uri":"http://localhost/alaska/web/admin/user/add","method":"GET"} []
[2017-07-12 20:01:30] MicroCMS.INFO: Matched route "{route}". {"route":"admin_user_add","route_parameters":{"_controller":"MicroCMS\\Controller\\AdminController::addUserAction","_route":"admin_user_add"},"request_uri":"http://localhost/alaska/web/admin/user/add","method":"POST"} []
[2017-07-12 20:01:39] MicroCMS.INFO: Matched route "{route}". {"route":"admin_user_add","route_parameters":{"_controller":"MicroCMS\\Controller\\AdminController::addUserAction","_route":"admin_user_add"},"request_uri":"http://localhost/alaska/web/admin/user/add","method":"POST"} []
[2017-07-12 20:01:40] MicroCMS.INFO: Matched route "{route}". {"route":"admin","route_parameters":{"_controller":"MicroCMS\\Controller\\AdminController::indexAction","_route":"admin"},"request_uri":"http://localhost/alaska/web/admin","method":"GET"} []
[2017-07-12 20:01:46] MicroCMS.INFO: Matched route "{route}". {"route":"logout","route_parameters":{"_controller":null,"_route":"logout"},"request_uri":"http://localhost/alaska/web/logout","method":"GET"} []
[2017-07-12 20:01:46] MicroCMS.INFO: Matched route "{route}". {"route":"home","route_parameters":{"_controller":"MicroCMS\\Controller\\HomeController::indexAction","_route":"home"},"request_uri":"http://localhost/alaska/web/","method":"GET"} []
[2017-07-12 20:01:46] MicroCMS.INFO: Populated the TokenStorage with an anonymous Token. [] []
[2017-07-12 20:01:48] MicroCMS.INFO: Matched route "{route}". {"route":"login","route_parameters":{"_controller":"MicroCMS\\Controller\\HomeController::loginAction","_route":"login"},"request_uri":"http://localhost/alaska/web/login","method":"GET"} []
[2017-07-12 20:01:48] MicroCMS.INFO: Populated the TokenStorage with an anonymous Token. [] []
[2017-07-12 20:01:59] MicroCMS.INFO: Matched route "{route}". {"route":"login_check","route_parameters":{"_controller":null,"_route":"login_check"},"request_uri":"http://localhost/alaska/web/login_check","method":"POST"} []
[2017-07-12 20:01:59] MicroCMS.INFO: User has been authenticated successfully. {"username":"blog"} []
[2017-07-12 20:01:59] MicroCMS.INFO: Matched route "{route}". {"route":"home","route_parameters":{"_controller":"MicroCMS\\Controller\\HomeController::indexAction","_route":"home"},"request_uri":"http://localhost/alaska/web/","method":"GET"} []
[2017-07-12 20:02:02] MicroCMS.INFO: Matched route "{route}". {"route":"admin","route_parameters":{"_controller":"MicroCMS\\Controller\\AdminController::indexAction","_route":"admin"},"request_uri":"http://localhost/alaska/web/admin","method":"GET"} []
[2017-07-12 20:02:09] MicroCMS.INFO: Matched route "{route}". {"route":"admin_user_delete","route_parameters":{"_controller":"MicroCMS\\Controller\\AdminController::deleteUserAction","id":"22","_route":"admin_user_delete"},"request_uri":"http://localhost/alaska/web/admin/user/22/delete","method":"GET"} []
[2017-07-12 20:02:09] MicroCMS.INFO: Matched route "{route}". {"route":"admin","route_parameters":{"_controller":"MicroCMS\\Controller\\AdminController::indexAction","_route":"admin"},"request_uri":"http://localhost/alaska/web/admin","method":"GET"} []
[2017-07-12 20:02:09] MicroCMS.WARNING: Username could not be found in the selected user provider. {"username":null,"provider":"MicroCMS\\DAO\\UserDAO"} []
[2017-07-12 20:02:09] MicroCMS.INFO: Populated the TokenStorage with an anonymous Token. [] []
[2017-07-12 20:02:09] MicroCMS.INFO: Matched route "{route}". {"route":"login","route_parameters":{"_controller":"MicroCMS\\Controller\\HomeController::loginAction","_route":"login"},"request_uri":"http://localhost/alaska/web/login","method":"GET"} []
[2017-07-12 20:02:09] MicroCMS.INFO: Populated the TokenStorage with an anonymous Token. [] []
[2017-07-12 20:02:20] MicroCMS.INFO: Matched route "{route}". {"route":"login_check","route_parameters":{"_controller":null,"_route":"login_check"},"request_uri":"http://localhost/alaska/web/login_check","method":"POST"} []
[2017-07-12 20:02:20] MicroCMS.INFO: User has been authenticated successfully. {"username":"admin"} []
[2017-07-12 20:02:20] MicroCMS.INFO: Matched route "{route}". {"route":"admin","route_parameters":{"_controller":"MicroCMS\\Controller\\AdminController::indexAction","_route":"admin"},"request_uri":"http://localhost/alaska/web/admin","method":"GET"} []
[2017-07-12 20:02:28] MicroCMS.INFO: Matched route "{route}". {"route":"admin_user_delete","route_parameters":{"_controller":"MicroCMS\\Controller\\AdminController::deleteUserAction","id":"21","_route":"admin_user_delete"},"request_uri":"http://localhost/alaska/web/admin/user/21/delete","method":"GET"} []
[2017-07-12 20:02:29] MicroCMS.INFO: Matched route "{route}". {"route":"admin","route_parameters":{"_controller":"MicroCMS\\Controller\\AdminController::indexAction","_route":"admin"},"request_uri":"http://localhost/alaska/web/admin","method":"GET"} []
[2017-07-12 20:02:32] MicroCMS.INFO: Matched route "{route}". {"route":"home","route_parameters":{"_controller":"MicroCMS\\Controller\\HomeController::indexAction","_route":"home"},"request_uri":"http://localhost/alaska/web/","method":"GET"} []
[2017-07-12 20:02:37] MicroCMS.INFO: Matched route "{route}". {"route":"logout","route_parameters":{"_controller":null,"_route":"logout"},"request_uri":"http://localhost/alaska/web/logout","method":"GET"} []
[2017-07-12 20:02:37] MicroCMS.INFO: Matched route "{route}". {"route":"home","route_parameters":{"_controller":"MicroCMS\\Controller\\HomeController::indexAction","_route":"home"},"request_uri":"http://localhost/alaska/web/","method":"GET"} []
[2017-07-12 20:02:37] MicroCMS.INFO: Populated the TokenStorage with an anonymous Token. [] []
